<?xml version="1.0" encoding="UTF-8"?>
<robot generator="Robot 3.2.2 (Python 3.9.1 on win32)" generated="20210123 21:19:52.252" rpa="false">
<suite id="s1" name="Auth Tests" source="C:\Users\jalan\PycharmProjects\localrobotframework\testsuite\auth_tests.robot">
<test id="s1-t1" name="authorization api check test">
<kw name="Register Username" library="common">
<assign>
<var>${valid user}</var>
<var>${valid password}</var>
</assign>
<kw name="Generate Random String" library="String">
<doc>Generates a string with a desired ``length`` from the given ``chars``.</doc>
<assign>
<var>${username}</var>
</assign>
<msg timestamp="20210123 21:19:52.782" level="INFO">${username} = j0RU0qMQ</msg>
<status status="PASS" starttime="20210123 21:19:52.781" endtime="20210123 21:19:52.782"></status>
</kw>
<kw name="Generate Random String" library="String">
<doc>Generates a string with a desired ``length`` from the given ``chars``.</doc>
<arguments>
<arg>${RANDOM STRING LENGTH}</arg>
<arg>[NUMBERS]</arg>
</arguments>
<assign>
<var>${phone}</var>
</assign>
<msg timestamp="20210123 21:19:52.782" level="INFO">${phone} = 6236867169</msg>
<status status="PASS" starttime="20210123 21:19:52.782" endtime="20210123 21:19:52.782"></status>
</kw>
<kw name="Fill Register Details" library="common">
<arguments>
<arg>${username}</arg>
<arg>${username}</arg>
</arguments>
<kw name="Open Browser To Register Login" library="common">
<arguments>
<arg>${REGISTER URL}</arg>
<arg>${BROWSER}</arg>
</arguments>
<kw name="Open Browser" library="SeleniumLibrary">
<doc>Opens a new browser instance to the optional ``url``.</doc>
<arguments>
<arg>${url}</arg>
<arg>${browser}</arg>
</arguments>
<msg timestamp="20210123 21:19:52.784" level="INFO">Opening browser 'Chrome' to base url 'http://localhost:8080/register'.</msg>
<status status="PASS" starttime="20210123 21:19:52.784" endtime="20210123 21:19:56.397"></status>
</kw>
<kw name="Maximize Browser Window" library="SeleniumLibrary">
<doc>Maximizes current browser window.</doc>
<status status="PASS" starttime="20210123 21:19:56.397" endtime="20210123 21:19:58.552"></status>
</kw>
<kw name="Set Selenium Speed" library="SeleniumLibrary">
<doc>Sets the delay that is waited after each Selenium command.</doc>
<arguments>
<arg>${DELAY}</arg>
</arguments>
<status status="PASS" starttime="20210123 21:19:58.552" endtime="20210123 21:19:58.553"></status>
</kw>
<status status="PASS" starttime="20210123 21:19:52.783" endtime="20210123 21:19:58.553"></status>
</kw>
<kw name="Register Should Be Open" library="common">
<kw name="Title Should Be" library="SeleniumLibrary">
<doc>Verifies that the current page title equals ``title``.</doc>
<arguments>
<arg>Register - Demo App</arg>
</arguments>
<msg timestamp="20210123 21:19:58.562" level="INFO">Page title is 'Register - Demo App'.</msg>
<status status="PASS" starttime="20210123 21:19:58.554" endtime="20210123 21:19:58.562"></status>
</kw>
<status status="PASS" starttime="20210123 21:19:58.553" endtime="20210123 21:19:58.563"></status>
</kw>
<kw name="Create List" library="BuiltIn">
<doc>Returns a list containing given items.</doc>
<arguments>
<arg>username</arg>
<arg>password</arg>
<arg>firstname</arg>
<arg>lastname</arg>
<arg>phone</arg>
</arguments>
<assign>
<var>@{fieldlist}</var>
</assign>
<msg timestamp="20210123 21:19:58.563" level="INFO">@{fieldlist} = [ username | password | firstname | lastname | phone ]</msg>
<status status="PASS" starttime="20210123 21:19:58.563" endtime="20210123 21:19:58.564"></status>
</kw>
<kw name="${field} IN [ @{fieldlist} ]" type="for">
<msg timestamp="20210123 21:19:58.564" level="WARN">Error in file 'C:\Users\jalan\PycharmProjects\localrobotframework\testsuite\common.robot' in FOR loop starting on line 70: For loop header ':FOR' is deprecated. Use 'FOR' instead.</msg>
<msg timestamp="20210123 21:19:58.567" level="WARN">Error in file 'C:\Users\jalan\PycharmProjects\localrobotframework\testsuite\common.robot' in FOR loop starting on line 70: Marking for loop body with '\' is deprecated. Remove markers and use 'END' instead.</msg>
<kw name="${field} = username" type="foritem">
<kw name="Input Text" library="SeleniumLibrary">
<doc>Types the given ``text`` into the text field identified by ``locator``.</doc>
<arguments>
<arg>${field}</arg>
<arg>${username}</arg>
</arguments>
<msg timestamp="20210123 21:19:58.570" level="INFO">Typing text 'j0RU0qMQ' into text field 'username'.</msg>
<status status="PASS" starttime="20210123 21:19:58.569" endtime="20210123 21:19:58.727"></status>
</kw>
<kw name="Input Text" library="SeleniumLibrary">
<doc>Types the given ``text`` into the text field identified by ``locator``.</doc>
<arguments>
<arg>${field}</arg>
<arg>${password}</arg>
</arguments>
<msg timestamp="20210123 21:19:58.728" level="INFO">Typing text 'j0RU0qMQ' into text field 'username'.</msg>
<status status="PASS" starttime="20210123 21:19:58.727" endtime="20210123 21:19:58.837"></status>
</kw>
<status status="PASS" starttime="20210123 21:19:58.569" endtime="20210123 21:19:58.837"></status>
</kw>
<kw name="${field} = password" type="foritem">
<kw name="Input Text" library="SeleniumLibrary">
<doc>Types the given ``text`` into the text field identified by ``locator``.</doc>
<arguments>
<arg>${field}</arg>
<arg>${username}</arg>
</arguments>
<msg timestamp="20210123 21:19:58.840" level="INFO">Typing text 'j0RU0qMQ' into text field 'password'.</msg>
<status status="PASS" starttime="20210123 21:19:58.838" endtime="20210123 21:19:58.965"></status>
</kw>
<kw name="Input Text" library="SeleniumLibrary">
<doc>Types the given ``text`` into the text field identified by ``locator``.</doc>
<arguments>
<arg>${field}</arg>
<arg>${password}</arg>
</arguments>
<msg timestamp="20210123 21:19:58.966" level="INFO">Typing text 'j0RU0qMQ' into text field 'password'.</msg>
<status status="PASS" starttime="20210123 21:19:58.966" endtime="20210123 21:19:59.041"></status>
</kw>
<status status="PASS" starttime="20210123 21:19:58.838" endtime="20210123 21:19:59.041"></status>
</kw>
<kw name="${field} = firstname" type="foritem">
<kw name="Input Text" library="SeleniumLibrary">
<doc>Types the given ``text`` into the text field identified by ``locator``.</doc>
<arguments>
<arg>${field}</arg>
<arg>${username}</arg>
</arguments>
<msg timestamp="20210123 21:19:59.042" level="INFO">Typing text 'j0RU0qMQ' into text field 'firstname'.</msg>
<status status="PASS" starttime="20210123 21:19:59.042" endtime="20210123 21:19:59.144"></status>
</kw>
<kw name="Input Text" library="SeleniumLibrary">
<doc>Types the given ``text`` into the text field identified by ``locator``.</doc>
<arguments>
<arg>${field}</arg>
<arg>${password}</arg>
</arguments>
<msg timestamp="20210123 21:19:59.145" level="INFO">Typing text 'j0RU0qMQ' into text field 'firstname'.</msg>
<status status="PASS" starttime="20210123 21:19:59.144" endtime="20210123 21:19:59.222"></status>
</kw>
<status status="PASS" starttime="20210123 21:19:59.042" endtime="20210123 21:19:59.222"></status>
</kw>
<kw name="${field} = lastname" type="foritem">
<kw name="Input Text" library="SeleniumLibrary">
<doc>Types the given ``text`` into the text field identified by ``locator``.</doc>
<arguments>
<arg>${field}</arg>
<arg>${username}</arg>
</arguments>
<msg timestamp="20210123 21:19:59.222" level="INFO">Typing text 'j0RU0qMQ' into text field 'lastname'.</msg>
<status status="PASS" starttime="20210123 21:19:59.222" endtime="20210123 21:19:59.317"></status>
</kw>
<kw name="Input Text" library="SeleniumLibrary">
<doc>Types the given ``text`` into the text field identified by ``locator``.</doc>
<arguments>
<arg>${field}</arg>
<arg>${password}</arg>
</arguments>
<msg timestamp="20210123 21:19:59.318" level="INFO">Typing text 'j0RU0qMQ' into text field 'lastname'.</msg>
<status status="PASS" starttime="20210123 21:19:59.317" endtime="20210123 21:19:59.392"></status>
</kw>
<status status="PASS" starttime="20210123 21:19:59.222" endtime="20210123 21:19:59.392"></status>
</kw>
<kw name="${field} = phone" type="foritem">
<kw name="Input Text" library="SeleniumLibrary">
<doc>Types the given ``text`` into the text field identified by ``locator``.</doc>
<arguments>
<arg>${field}</arg>
<arg>${username}</arg>
</arguments>
<msg timestamp="20210123 21:19:59.394" level="INFO">Typing text 'j0RU0qMQ' into text field 'phone'.</msg>
<status status="PASS" starttime="20210123 21:19:59.393" endtime="20210123 21:19:59.487"></status>
</kw>
<kw name="Input Text" library="SeleniumLibrary">
<doc>Types the given ``text`` into the text field identified by ``locator``.</doc>
<arguments>
<arg>${field}</arg>
<arg>${password}</arg>
</arguments>
<msg timestamp="20210123 21:19:59.488" level="INFO">Typing text 'j0RU0qMQ' into text field 'phone'.</msg>
<status status="PASS" starttime="20210123 21:19:59.487" endtime="20210123 21:19:59.563"></status>
</kw>
<status status="PASS" starttime="20210123 21:19:59.393" endtime="20210123 21:19:59.563"></status>
</kw>
<status status="PASS" starttime="20210123 21:19:58.564" endtime="20210123 21:19:59.563"></status>
</kw>
<kw name="Submit Credentials" library="common">
<kw name="Click Button" library="SeleniumLibrary">
<doc>Clicks the button identified by ``locator``.</doc>
<arguments>
<arg>css:input[type='submit']</arg>
</arguments>
<msg timestamp="20210123 21:19:59.564" level="INFO">Clicking button 'css:input[type='submit']'.</msg>
<status status="PASS" starttime="20210123 21:19:59.564" endtime="20210123 21:20:00.067"></status>
</kw>
<status status="PASS" starttime="20210123 21:19:59.563" endtime="20210123 21:20:00.067"></status>
</kw>
<status status="PASS" starttime="20210123 21:19:52.783" endtime="20210123 21:20:00.068"></status>
</kw>
<msg timestamp="20210123 21:20:00.068" level="INFO">${valid user} = j0RU0qMQ</msg>
<msg timestamp="20210123 21:20:00.068" level="INFO">${valid password} = j0RU0qMQ</msg>
<status status="PASS" starttime="20210123 21:19:52.781" endtime="20210123 21:20:00.068"></status>
</kw>
<kw name="Create List" library="BuiltIn">
<doc>Returns a list containing given items.</doc>
<arguments>
<arg>${valid user}</arg>
<arg>${valid password}</arg>
</arguments>
<assign>
<var>${auth}</var>
</assign>
<msg timestamp="20210123 21:20:00.070" level="INFO">${auth} = ['j0RU0qMQ', 'j0RU0qMQ']</msg>
<status status="PASS" starttime="20210123 21:20:00.069" endtime="20210123 21:20:00.070"></status>
</kw>
<kw name="Create Session" library="RequestsLibrary">
<doc>Create Session: create a HTTP session to a server</doc>
<arguments>
<arg>myssion</arg>
<arg>${url}</arg>
<arg>auth=${auth}</arg>
</arguments>
<msg timestamp="20210123 21:20:00.071" level="INFO">Creating Session using : alias=myssion, url=http://localhost:8080, headers={},                     cookies={}, auth=&lt;requests.auth.HTTPBasicAuth object at 0x000001BEA7E7DD00&gt;, timeout=None, proxies=None, verify=False,                     debug=0 </msg>
<status status="PASS" starttime="20210123 21:20:00.070" endtime="20210123 21:20:00.071"></status>
</kw>
<kw name="Set Header And Check Response">
<arguments>
<arg>${EMPTY}</arg>
</arguments>
<assign>
<var>${resp}</var>
</assign>
<kw name="Create Dictionary" library="BuiltIn">
<doc>Creates and returns a dictionary based on the given ``items``.</doc>
<arguments>
<arg>Accept=application/json, text/plain, */*</arg>
<arg>Content-Type=application/json</arg>
<arg>token=${token}</arg>
</arguments>
<assign>
<var>&amp;{headers}</var>
</assign>
<msg timestamp="20210123 21:20:00.073" level="INFO">&amp;{headers} = { Accept=application/json, text/plain, */* | Content-Type=application/json | token= }</msg>
<status status="PASS" starttime="20210123 21:20:00.072" endtime="20210123 21:20:00.073"></status>
</kw>
<kw name="Get Request" library="RequestsLibrary">
<doc>*DEPRECATED* Please use `GET On Session` instead.</doc>
<arguments>
<arg>myssion</arg>
<arg>/api/auth/token</arg>
<arg>headers=${headers}</arg>
</arguments>
<assign>
<var>${resp}</var>
</assign>
<msg timestamp="20210123 21:20:00.074" level="WARN">Keyword 'RequestsLibrary.Get Request' is deprecated. Please use `GET On Session` instead.</msg>
<msg timestamp="20210123 21:20:02.176" level="INFO">GET Request : url=http://localhost:8080/api/auth/token 
 path_url=/api/auth/token 
 headers={'User-Agent': 'python-requests/2.25.1', 'Accept-Encoding': 'gzip, deflate', 'Accept': 'application/json, text/plain, */*', 'Connection': 'keep-alive', 'Content-Type': 'application/json', 'token': '', 'Authorization': 'Basic ajBSVTBxTVE6ajBSVTBxTVE='} 
 body=None 
 </msg>
<msg timestamp="20210123 21:20:02.176" level="INFO">GET Response : url=http://localhost:8080/api/auth/token 
 status=200, reason=OK 
 headers={'Content-Type': 'application/json', 'Content-Length': '84', 'Server': 'Werkzeug/0.14.1 Python/3.8.6', 'Date': 'Sat, 23 Jan 2021 19:20:02 GMT'} 
 body={"status":"SUCCESS","token":"MTgxNDM1MzQ2OTM4MTE3OTU4MDU2NTA0NjAzNTQ4OTQ2NTY2Nzg5"}
 
 </msg>
<msg timestamp="20210123 21:20:02.176" level="INFO">${resp} = &lt;Response [200]&gt;</msg>
<status status="PASS" starttime="20210123 21:20:00.074" endtime="20210123 21:20:02.176"></status>
</kw>
<msg timestamp="20210123 21:20:02.176" level="INFO">${resp} = &lt;Response [200]&gt;</msg>
<status status="PASS" starttime="20210123 21:20:00.072" endtime="20210123 21:20:02.176"></status>
</kw>
<kw name="Should Be Equal As Strings" library="BuiltIn">
<doc>Fails if objects are unequal after converting them to strings.</doc>
<arguments>
<arg>${resp.status_code}</arg>
<arg>200</arg>
</arguments>
<msg timestamp="20210123 21:20:02.192" level="INFO">Argument types are:
&lt;class 'int'&gt;
&lt;type 'unicode'&gt;</msg>
<status status="PASS" starttime="20210123 21:20:02.192" endtime="20210123 21:20:02.192"></status>
</kw>
<kw name="Evaluate" library="BuiltIn">
<doc>Evaluates the given expression in Python and returns the result.</doc>
<arguments>
<arg>json.loads($resp.content)</arg>
<arg>json</arg>
</arguments>
<assign>
<var>&amp;{data}</var>
</assign>
<msg timestamp="20210123 21:20:02.192" level="INFO">&amp;{data} = { status=SUCCESS | token=MTgxNDM1MzQ2OTM4MTE3OTU4MDU2NTA0NjAzNTQ4OTQ2NTY2Nzg5 }</msg>
<status status="PASS" starttime="20210123 21:20:02.192" endtime="20210123 21:20:02.192"></status>
</kw>
<kw name="Should Be Equal As Strings" library="BuiltIn">
<doc>Fails if objects are unequal after converting them to strings.</doc>
<arguments>
<arg>&amp;{data}[status]</arg>
<arg>SUCCESS</arg>
</arguments>
<msg timestamp="20210123 21:20:02.192" level="WARN">Accessing variable items using '&amp;{data}[status]' syntax is deprecated. Use '${data}[status]' instead.</msg>
<status status="PASS" starttime="20210123 21:20:02.192" endtime="20210123 21:20:02.192"></status>
</kw>
<kw name="Close All Browsers" library="SeleniumLibrary" type="teardown">
<doc>Closes all open browsers and resets the browser cache.</doc>
<status status="PASS" starttime="20210123 21:20:02.192" endtime="20210123 21:20:04.414"></status>
</kw>
<status status="PASS" starttime="20210123 21:19:52.777" endtime="20210123 21:20:04.415" critical="yes"></status>
</test>
<test id="s1-t2" name="autorization update api check test">
<kw name="Register Username" library="common">
<assign>
<var>${valid user}</var>
<var>${valid password}</var>
</assign>
<kw name="Generate Random String" library="String">
<doc>Generates a string with a desired ``length`` from the given ``chars``.</doc>
<assign>
<var>${username}</var>
</assign>
<msg timestamp="20210123 21:20:04.428" level="INFO">${username} = cXr7QYMA</msg>
<status status="PASS" starttime="20210123 21:20:04.427" endtime="20210123 21:20:04.429"></status>
</kw>
<kw name="Generate Random String" library="String">
<doc>Generates a string with a desired ``length`` from the given ``chars``.</doc>
<arguments>
<arg>${RANDOM STRING LENGTH}</arg>
<arg>[NUMBERS]</arg>
</arguments>
<assign>
<var>${phone}</var>
</assign>
<msg timestamp="20210123 21:20:04.431" level="INFO">${phone} = 9405827174</msg>
<status status="PASS" starttime="20210123 21:20:04.430" endtime="20210123 21:20:04.432"></status>
</kw>
<kw name="Fill Register Details" library="common">
<arguments>
<arg>${username}</arg>
<arg>${username}</arg>
</arguments>
<kw name="Open Browser To Register Login" library="common">
<arguments>
<arg>${REGISTER URL}</arg>
<arg>${BROWSER}</arg>
</arguments>
<kw name="Open Browser" library="SeleniumLibrary">
<doc>Opens a new browser instance to the optional ``url``.</doc>
<arguments>
<arg>${url}</arg>
<arg>${browser}</arg>
</arguments>
<msg timestamp="20210123 21:20:04.437" level="INFO">Opening browser 'Chrome' to base url 'http://localhost:8080/register'.</msg>
<status status="PASS" starttime="20210123 21:20:04.436" endtime="20210123 21:20:08.061"></status>
</kw>
<kw name="Maximize Browser Window" library="SeleniumLibrary">
<doc>Maximizes current browser window.</doc>
<status status="PASS" starttime="20210123 21:20:08.061" endtime="20210123 21:20:10.202"></status>
</kw>
<kw name="Set Selenium Speed" library="SeleniumLibrary">
<doc>Sets the delay that is waited after each Selenium command.</doc>
<arguments>
<arg>${DELAY}</arg>
</arguments>
<status status="PASS" starttime="20210123 21:20:10.202" endtime="20210123 21:20:10.203"></status>
</kw>
<status status="PASS" starttime="20210123 21:20:04.434" endtime="20210123 21:20:10.203"></status>
</kw>
<kw name="Register Should Be Open" library="common">
<kw name="Title Should Be" library="SeleniumLibrary">
<doc>Verifies that the current page title equals ``title``.</doc>
<arguments>
<arg>Register - Demo App</arg>
</arguments>
<msg timestamp="20210123 21:20:10.213" level="INFO">Page title is 'Register - Demo App'.</msg>
<status status="PASS" starttime="20210123 21:20:10.204" endtime="20210123 21:20:10.214"></status>
</kw>
<status status="PASS" starttime="20210123 21:20:10.204" endtime="20210123 21:20:10.214"></status>
</kw>
<kw name="Create List" library="BuiltIn">
<doc>Returns a list containing given items.</doc>
<arguments>
<arg>username</arg>
<arg>password</arg>
<arg>firstname</arg>
<arg>lastname</arg>
<arg>phone</arg>
</arguments>
<assign>
<var>@{fieldlist}</var>
</assign>
<msg timestamp="20210123 21:20:10.215" level="INFO">@{fieldlist} = [ username | password | firstname | lastname | phone ]</msg>
<status status="PASS" starttime="20210123 21:20:10.214" endtime="20210123 21:20:10.215"></status>
</kw>
<kw name="${field} IN [ @{fieldlist} ]" type="for">
<msg timestamp="20210123 21:20:10.216" level="WARN">Error in file 'C:\Users\jalan\PycharmProjects\localrobotframework\testsuite\common.robot' in FOR loop starting on line 70: For loop header ':FOR' is deprecated. Use 'FOR' instead.</msg>
<msg timestamp="20210123 21:20:10.218" level="WARN">Error in file 'C:\Users\jalan\PycharmProjects\localrobotframework\testsuite\common.robot' in FOR loop starting on line 70: Marking for loop body with '\' is deprecated. Remove markers and use 'END' instead.</msg>
<kw name="${field} = username" type="foritem">
<kw name="Input Text" library="SeleniumLibrary">
<doc>Types the given ``text`` into the text field identified by ``locator``.</doc>
<arguments>
<arg>${field}</arg>
<arg>${username}</arg>
</arguments>
<msg timestamp="20210123 21:20:10.227" level="INFO">Typing text 'cXr7QYMA' into text field 'username'.</msg>
<status status="PASS" starttime="20210123 21:20:10.225" endtime="20210123 21:20:10.374"></status>
</kw>
<kw name="Input Text" library="SeleniumLibrary">
<doc>Types the given ``text`` into the text field identified by ``locator``.</doc>
<arguments>
<arg>${field}</arg>
<arg>${password}</arg>
</arguments>
<msg timestamp="20210123 21:20:10.376" level="INFO">Typing text 'cXr7QYMA' into text field 'username'.</msg>
<status status="PASS" starttime="20210123 21:20:10.374" endtime="20210123 21:20:10.481"></status>
</kw>
<status status="PASS" starttime="20210123 21:20:10.225" endtime="20210123 21:20:10.481"></status>
</kw>
<kw name="${field} = password" type="foritem">
<kw name="Input Text" library="SeleniumLibrary">
<doc>Types the given ``text`` into the text field identified by ``locator``.</doc>
<arguments>
<arg>${field}</arg>
<arg>${username}</arg>
</arguments>
<msg timestamp="20210123 21:20:10.484" level="INFO">Typing text 'cXr7QYMA' into text field 'password'.</msg>
<status status="PASS" starttime="20210123 21:20:10.483" endtime="20210123 21:20:10.596"></status>
</kw>
<kw name="Input Text" library="SeleniumLibrary">
<doc>Types the given ``text`` into the text field identified by ``locator``.</doc>
<arguments>
<arg>${field}</arg>
<arg>${password}</arg>
</arguments>
<msg timestamp="20210123 21:20:10.597" level="INFO">Typing text 'cXr7QYMA' into text field 'password'.</msg>
<status status="PASS" starttime="20210123 21:20:10.596" endtime="20210123 21:20:10.671"></status>
</kw>
<status status="PASS" starttime="20210123 21:20:10.482" endtime="20210123 21:20:10.671"></status>
</kw>
<kw name="${field} = firstname" type="foritem">
<kw name="Input Text" library="SeleniumLibrary">
<doc>Types the given ``text`` into the text field identified by ``locator``.</doc>
<arguments>
<arg>${field}</arg>
<arg>${username}</arg>
</arguments>
<msg timestamp="20210123 21:20:10.672" level="INFO">Typing text 'cXr7QYMA' into text field 'firstname'.</msg>
<status status="PASS" starttime="20210123 21:20:10.671" endtime="20210123 21:20:10.770"></status>
</kw>
<kw name="Input Text" library="SeleniumLibrary">
<doc>Types the given ``text`` into the text field identified by ``locator``.</doc>
<arguments>
<arg>${field}</arg>
<arg>${password}</arg>
</arguments>
<msg timestamp="20210123 21:20:10.771" level="INFO">Typing text 'cXr7QYMA' into text field 'firstname'.</msg>
<status status="PASS" starttime="20210123 21:20:10.770" endtime="20210123 21:20:10.840"></status>
</kw>
<status status="PASS" starttime="20210123 21:20:10.671" endtime="20210123 21:20:10.840"></status>
</kw>
<kw name="${field} = lastname" type="foritem">
<kw name="Input Text" library="SeleniumLibrary">
<doc>Types the given ``text`` into the text field identified by ``locator``.</doc>
<arguments>
<arg>${field}</arg>
<arg>${username}</arg>
</arguments>
<msg timestamp="20210123 21:20:10.841" level="INFO">Typing text 'cXr7QYMA' into text field 'lastname'.</msg>
<status status="PASS" starttime="20210123 21:20:10.841" endtime="20210123 21:20:10.936"></status>
</kw>
<kw name="Input Text" library="SeleniumLibrary">
<doc>Types the given ``text`` into the text field identified by ``locator``.</doc>
<arguments>
<arg>${field}</arg>
<arg>${password}</arg>
</arguments>
<msg timestamp="20210123 21:20:10.937" level="INFO">Typing text 'cXr7QYMA' into text field 'lastname'.</msg>
<status status="PASS" starttime="20210123 21:20:10.936" endtime="20210123 21:20:11.008"></status>
</kw>
<status status="PASS" starttime="20210123 21:20:10.840" endtime="20210123 21:20:11.008"></status>
</kw>
<kw name="${field} = phone" type="foritem">
<kw name="Input Text" library="SeleniumLibrary">
<doc>Types the given ``text`` into the text field identified by ``locator``.</doc>
<arguments>
<arg>${field}</arg>
<arg>${username}</arg>
</arguments>
<msg timestamp="20210123 21:20:11.009" level="INFO">Typing text 'cXr7QYMA' into text field 'phone'.</msg>
<status status="PASS" starttime="20210123 21:20:11.009" endtime="20210123 21:20:11.101"></status>
</kw>
<kw name="Input Text" library="SeleniumLibrary">
<doc>Types the given ``text`` into the text field identified by ``locator``.</doc>
<arguments>
<arg>${field}</arg>
<arg>${password}</arg>
</arguments>
<msg timestamp="20210123 21:20:11.102" level="INFO">Typing text 'cXr7QYMA' into text field 'phone'.</msg>
<status status="PASS" starttime="20210123 21:20:11.101" endtime="20210123 21:20:11.174"></status>
</kw>
<status status="PASS" starttime="20210123 21:20:11.009" endtime="20210123 21:20:11.174"></status>
</kw>
<status status="PASS" starttime="20210123 21:20:10.215" endtime="20210123 21:20:11.174"></status>
</kw>
<kw name="Submit Credentials" library="common">
<kw name="Click Button" library="SeleniumLibrary">
<doc>Clicks the button identified by ``locator``.</doc>
<arguments>
<arg>css:input[type='submit']</arg>
</arguments>
<msg timestamp="20210123 21:20:11.176" level="INFO">Clicking button 'css:input[type='submit']'.</msg>
<status status="PASS" starttime="20210123 21:20:11.175" endtime="20210123 21:20:11.629"></status>
</kw>
<status status="PASS" starttime="20210123 21:20:11.174" endtime="20210123 21:20:11.630"></status>
</kw>
<status status="PASS" starttime="20210123 21:20:04.432" endtime="20210123 21:20:11.630"></status>
</kw>
<msg timestamp="20210123 21:20:11.631" level="INFO">${valid user} = cXr7QYMA</msg>
<msg timestamp="20210123 21:20:11.631" level="INFO">${valid password} = cXr7QYMA</msg>
<status status="PASS" starttime="20210123 21:20:04.425" endtime="20210123 21:20:11.631"></status>
</kw>
<kw name="Create List" library="BuiltIn">
<doc>Returns a list containing given items.</doc>
<arguments>
<arg>${valid user}</arg>
<arg>${valid password}</arg>
</arguments>
<assign>
<var>${auth}</var>
</assign>
<msg timestamp="20210123 21:20:11.632" level="INFO">${auth} = ['cXr7QYMA', 'cXr7QYMA']</msg>
<status status="PASS" starttime="20210123 21:20:11.632" endtime="20210123 21:20:11.632"></status>
</kw>
<kw name="Create Session" library="RequestsLibrary">
<doc>Create Session: create a HTTP session to a server</doc>
<arguments>
<arg>myssion</arg>
<arg>${url}</arg>
<arg>auth=${auth}</arg>
</arguments>
<msg timestamp="20210123 21:20:11.633" level="INFO">Creating Session using : alias=myssion, url=http://localhost:8080, headers={},                     cookies={}, auth=&lt;requests.auth.HTTPBasicAuth object at 0x000001BEA7EFB760&gt;, timeout=None, proxies=None, verify=False,                     debug=0 </msg>
<status status="PASS" starttime="20210123 21:20:11.632" endtime="20210123 21:20:11.633"></status>
</kw>
<kw name="Set Header And Check Response">
<arguments>
<arg>${EMPTY}</arg>
</arguments>
<assign>
<var>${resp}</var>
</assign>
<kw name="Create Dictionary" library="BuiltIn">
<doc>Creates and returns a dictionary based on the given ``items``.</doc>
<arguments>
<arg>Accept=application/json, text/plain, */*</arg>
<arg>Content-Type=application/json</arg>
<arg>token=${token}</arg>
</arguments>
<assign>
<var>&amp;{headers}</var>
</assign>
<msg timestamp="20210123 21:20:11.634" level="INFO">&amp;{headers} = { Accept=application/json, text/plain, */* | Content-Type=application/json | token= }</msg>
<status status="PASS" starttime="20210123 21:20:11.634" endtime="20210123 21:20:11.634"></status>
</kw>
<kw name="Get Request" library="RequestsLibrary">
<doc>*DEPRECATED* Please use `GET On Session` instead.</doc>
<arguments>
<arg>myssion</arg>
<arg>/api/auth/token</arg>
<arg>headers=${headers}</arg>
</arguments>
<assign>
<var>${resp}</var>
</assign>
<msg timestamp="20210123 21:20:11.635" level="WARN">Keyword 'RequestsLibrary.Get Request' is deprecated. Please use `GET On Session` instead.</msg>
<msg timestamp="20210123 21:20:13.696" level="INFO">GET Request : url=http://localhost:8080/api/auth/token 
 path_url=/api/auth/token 
 headers={'User-Agent': 'python-requests/2.25.1', 'Accept-Encoding': 'gzip, deflate', 'Accept': 'application/json, text/plain, */*', 'Connection': 'keep-alive', 'Content-Type': 'application/json', 'token': '', 'Authorization': 'Basic Y1hyN1FZTUE6Y1hyN1FZTUE='} 
 body=None 
 </msg>
<msg timestamp="20210123 21:20:13.696" level="INFO">GET Response : url=http://localhost:8080/api/auth/token 
 status=200, reason=OK 
 headers={'Content-Type': 'application/json', 'Content-Length': '84', 'Server': 'Werkzeug/0.14.1 Python/3.8.6', 'Date': 'Sat, 23 Jan 2021 19:20:13 GMT'} 
 body={"status":"SUCCESS","token":"NDg0MjI4ODI4MTM3MDM2MzQ0OTY3MTYyOTg0MjY0NjUwNjM3MjE="}
 
 </msg>
<msg timestamp="20210123 21:20:13.696" level="INFO">${resp} = &lt;Response [200]&gt;</msg>
<status status="PASS" starttime="20210123 21:20:11.635" endtime="20210123 21:20:13.696"></status>
</kw>
<msg timestamp="20210123 21:20:13.697" level="INFO">${resp} = &lt;Response [200]&gt;</msg>
<status status="PASS" starttime="20210123 21:20:11.633" endtime="20210123 21:20:13.697"></status>
</kw>
<kw name="Should Be Equal As Strings" library="BuiltIn">
<doc>Fails if objects are unequal after converting them to strings.</doc>
<arguments>
<arg>${resp.status_code}</arg>
<arg>200</arg>
</arguments>
<msg timestamp="20210123 21:20:13.698" level="INFO">Argument types are:
&lt;class 'int'&gt;
&lt;type 'unicode'&gt;</msg>
<status status="PASS" starttime="20210123 21:20:13.697" endtime="20210123 21:20:13.698"></status>
</kw>
<kw name="Evaluate" library="BuiltIn">
<doc>Evaluates the given expression in Python and returns the result.</doc>
<arguments>
<arg>json.loads($resp.content)</arg>
<arg>json</arg>
</arguments>
<assign>
<var>&amp;{data}</var>
</assign>
<msg timestamp="20210123 21:20:13.699" level="INFO">&amp;{data} = { status=SUCCESS | token=NDg0MjI4ODI4MTM3MDM2MzQ0OTY3MTYyOTg0MjY0NjUwNjM3MjE= }</msg>
<status status="PASS" starttime="20210123 21:20:13.698" endtime="20210123 21:20:13.699"></status>
</kw>
<kw name="Set Variable" library="BuiltIn">
<doc>Returns the given values which can then be assigned to a variables.</doc>
<arguments>
<arg>${resp.json()['token']}</arg>
</arguments>
<assign>
<var>${token}</var>
</assign>
<msg timestamp="20210123 21:20:13.700" level="INFO">${token} = NDg0MjI4ODI4MTM3MDM2MzQ0OTY3MTYyOTg0MjY0NjUwNjM3MjE=</msg>
<status status="PASS" starttime="20210123 21:20:13.699" endtime="20210123 21:20:13.700"></status>
</kw>
<kw name="Should Be Equal As Strings" library="BuiltIn">
<doc>Fails if objects are unequal after converting them to strings.</doc>
<arguments>
<arg>&amp;{data}[status]</arg>
<arg>SUCCESS</arg>
</arguments>
<msg timestamp="20210123 21:20:13.700" level="WARN">Accessing variable items using '&amp;{data}[status]' syntax is deprecated. Use '${data}[status]' instead.</msg>
<status status="PASS" starttime="20210123 21:20:13.700" endtime="20210123 21:20:13.702"></status>
</kw>
<kw name="Create Dictionary" library="BuiltIn">
<doc>Creates and returns a dictionary based on the given ``items``.</doc>
<arguments>
<arg>Accept=application/json, text/plain, */*</arg>
<arg>Content-Type=application/json</arg>
<arg>token=${token}</arg>
</arguments>
<assign>
<var>&amp;{headersToken}</var>
</assign>
<msg timestamp="20210123 21:20:13.703" level="INFO">&amp;{headersToken} = { Accept=application/json, text/plain, */* | Content-Type=application/json | token=NDg0MjI4ODI4MTM3MDM2MzQ0OTY3MTYyOTg0MjY0NjUwNjM3MjE= }</msg>
<status status="PASS" starttime="20210123 21:20:13.702" endtime="20210123 21:20:13.703"></status>
</kw>
<kw name="Create Dictionary" library="BuiltIn">
<doc>Creates and returns a dictionary based on the given ``items``.</doc>
<arguments>
<arg>firstname=zzzz</arg>
<arg>lastname=rrrr</arg>
<arg>phone=987654</arg>
</arguments>
<assign>
<var>&amp;{requestData}</var>
</assign>
<msg timestamp="20210123 21:20:13.704" level="INFO">&amp;{requestData} = { firstname=zzzz | lastname=rrrr | phone=987654 }</msg>
<status status="PASS" starttime="20210123 21:20:13.703" endtime="20210123 21:20:13.704"></status>
</kw>
<kw name="Put Request" library="RequestsLibrary">
<doc>*DEPRECATED* Please use `PUT On Session` instead.</doc>
<arguments>
<arg>myssion</arg>
<arg>/api/users/${username}</arg>
<arg>${requestData}</arg>
<arg>headers=${headersToken}</arg>
</arguments>
<assign>
<var>${updateresp}</var>
</assign>
<msg timestamp="20210123 21:20:13.704" level="WARN">Keyword 'RequestsLibrary.Put Request' is deprecated. Please use `PUT On Session` instead.</msg>
<msg timestamp="20210123 21:20:15.747" level="INFO">PUT Request : url=http://localhost:8080/api/users/Test999 
 path_url=/api/users/Test999 
 headers={'User-Agent': 'python-requests/2.25.1', 'Accept-Encoding': 'gzip, deflate', 'Accept': 'application/json, text/plain, */*', 'Connection': 'keep-alive', 'Content-Type': 'application/json', 'token': 'NDg0MjI4ODI4MTM3MDM2MzQ0OTY3MTYyOTg0MjY0NjUwNjM3MjE=', 'Content-Length': '60', 'Authorization': 'Basic Y1hyN1FZTUE6Y1hyN1FZTUE='} 
 body={"firstname": "zzzz", "lastname": "rrrr", "phone": "987654"} 
 </msg>
<msg timestamp="20210123 21:20:15.747" level="INFO">PUT Response : url=http://localhost:8080/api/users/Test999 
 status=500, reason=INTERNAL SERVER ERROR 
 headers={'Content-Type': 'text/html', 'Content-Length': '291', 'Server': 'Werkzeug/0.14.1 Python/3.8.6', 'Date': 'Sat, 23 Jan 2021 19:20:15 GMT'} 
 body=&lt;!DOCTYPE HTML PUBLIC "-//W3C//DTD HTML 3.2 Final//EN"&gt;
&lt;title&gt;500 Internal Server Error&lt;/title&gt;
&lt;h1&gt;Internal Server Error&lt;/h1&gt;
&lt;p&gt;The server encountered an internal error and was unable to complete your request.  Either the server is overloaded or there is an error in the application.&lt;/p&gt;
 
 </msg>
<msg timestamp="20210123 21:20:15.747" level="INFO">${updateresp} = &lt;Response [500]&gt;</msg>
<status status="PASS" starttime="20210123 21:20:13.704" endtime="20210123 21:20:15.747"></status>
</kw>
<kw name="Close All Browsers" library="SeleniumLibrary" type="teardown">
<doc>Closes all open browsers and resets the browser cache.</doc>
<status status="PASS" starttime="20210123 21:20:15.748" endtime="20210123 21:20:17.964"></status>
</kw>
<status status="PASS" starttime="20210123 21:20:04.422" endtime="20210123 21:20:17.965" critical="yes"></status>
</test>
<test id="s1-t3" name="get users api check test">
<kw name="Register Username" library="common">
<assign>
<var>${valid user}</var>
<var>${valid password}</var>
</assign>
<kw name="Generate Random String" library="String">
<doc>Generates a string with a desired ``length`` from the given ``chars``.</doc>
<assign>
<var>${username}</var>
</assign>
<msg timestamp="20210123 21:20:17.975" level="INFO">${username} = ttUvpoBL</msg>
<status status="PASS" starttime="20210123 21:20:17.974" endtime="20210123 21:20:17.976"></status>
</kw>
<kw name="Generate Random String" library="String">
<doc>Generates a string with a desired ``length`` from the given ``chars``.</doc>
<arguments>
<arg>${RANDOM STRING LENGTH}</arg>
<arg>[NUMBERS]</arg>
</arguments>
<assign>
<var>${phone}</var>
</assign>
<msg timestamp="20210123 21:20:17.978" level="INFO">${phone} = 8818764564</msg>
<status status="PASS" starttime="20210123 21:20:17.976" endtime="20210123 21:20:17.978"></status>
</kw>
<kw name="Fill Register Details" library="common">
<arguments>
<arg>${username}</arg>
<arg>${username}</arg>
</arguments>
<kw name="Open Browser To Register Login" library="common">
<arguments>
<arg>${REGISTER URL}</arg>
<arg>${BROWSER}</arg>
</arguments>
<kw name="Open Browser" library="SeleniumLibrary">
<doc>Opens a new browser instance to the optional ``url``.</doc>
<arguments>
<arg>${url}</arg>
<arg>${browser}</arg>
</arguments>
<msg timestamp="20210123 21:20:17.983" level="INFO">Opening browser 'Chrome' to base url 'http://localhost:8080/register'.</msg>
<status status="PASS" starttime="20210123 21:20:17.982" endtime="20210123 21:20:21.557"></status>
</kw>
<kw name="Maximize Browser Window" library="SeleniumLibrary">
<doc>Maximizes current browser window.</doc>
<status status="PASS" starttime="20210123 21:20:21.558" endtime="20210123 21:20:23.704"></status>
</kw>
<kw name="Set Selenium Speed" library="SeleniumLibrary">
<doc>Sets the delay that is waited after each Selenium command.</doc>
<arguments>
<arg>${DELAY}</arg>
</arguments>
<status status="PASS" starttime="20210123 21:20:23.705" endtime="20210123 21:20:23.707"></status>
</kw>
<status status="PASS" starttime="20210123 21:20:17.980" endtime="20210123 21:20:23.708"></status>
</kw>
<kw name="Register Should Be Open" library="common">
<kw name="Title Should Be" library="SeleniumLibrary">
<doc>Verifies that the current page title equals ``title``.</doc>
<arguments>
<arg>Register - Demo App</arg>
</arguments>
<msg timestamp="20210123 21:20:23.728" level="INFO">Page title is 'Register - Demo App'.</msg>
<status status="PASS" starttime="20210123 21:20:23.710" endtime="20210123 21:20:23.728"></status>
</kw>
<status status="PASS" starttime="20210123 21:20:23.708" endtime="20210123 21:20:23.729"></status>
</kw>
<kw name="Create List" library="BuiltIn">
<doc>Returns a list containing given items.</doc>
<arguments>
<arg>username</arg>
<arg>password</arg>
<arg>firstname</arg>
<arg>lastname</arg>
<arg>phone</arg>
</arguments>
<assign>
<var>@{fieldlist}</var>
</assign>
<msg timestamp="20210123 21:20:23.732" level="INFO">@{fieldlist} = [ username | password | firstname | lastname | phone ]</msg>
<status status="PASS" starttime="20210123 21:20:23.730" endtime="20210123 21:20:23.732"></status>
</kw>
<kw name="${field} IN [ @{fieldlist} ]" type="for">
<msg timestamp="20210123 21:20:23.732" level="WARN">Error in file 'C:\Users\jalan\PycharmProjects\localrobotframework\testsuite\common.robot' in FOR loop starting on line 70: For loop header ':FOR' is deprecated. Use 'FOR' instead.</msg>
<msg timestamp="20210123 21:20:23.736" level="WARN">Error in file 'C:\Users\jalan\PycharmProjects\localrobotframework\testsuite\common.robot' in FOR loop starting on line 70: Marking for loop body with '\' is deprecated. Remove markers and use 'END' instead.</msg>
<kw name="${field} = username" type="foritem">
<kw name="Input Text" library="SeleniumLibrary">
<doc>Types the given ``text`` into the text field identified by ``locator``.</doc>
<arguments>
<arg>${field}</arg>
<arg>${username}</arg>
</arguments>
<msg timestamp="20210123 21:20:23.761" level="INFO">Typing text 'ttUvpoBL' into text field 'username'.</msg>
<status status="PASS" starttime="20210123 21:20:23.759" endtime="20210123 21:20:23.930"></status>
</kw>
<kw name="Input Text" library="SeleniumLibrary">
<doc>Types the given ``text`` into the text field identified by ``locator``.</doc>
<arguments>
<arg>${field}</arg>
<arg>${password}</arg>
</arguments>
<msg timestamp="20210123 21:20:23.931" level="INFO">Typing text 'ttUvpoBL' into text field 'username'.</msg>
<status status="PASS" starttime="20210123 21:20:23.930" endtime="20210123 21:20:24.075"></status>
</kw>
<status status="PASS" starttime="20210123 21:20:23.759" endtime="20210123 21:20:24.075"></status>
</kw>
<kw name="${field} = password" type="foritem">
<kw name="Input Text" library="SeleniumLibrary">
<doc>Types the given ``text`` into the text field identified by ``locator``.</doc>
<arguments>
<arg>${field}</arg>
<arg>${username}</arg>
</arguments>
<msg timestamp="20210123 21:20:24.077" level="INFO">Typing text 'ttUvpoBL' into text field 'password'.</msg>
<status status="PASS" starttime="20210123 21:20:24.075" endtime="20210123 21:20:24.177"></status>
</kw>
<kw name="Input Text" library="SeleniumLibrary">
<doc>Types the given ``text`` into the text field identified by ``locator``.</doc>
<arguments>
<arg>${field}</arg>
<arg>${password}</arg>
</arguments>
<msg timestamp="20210123 21:20:24.178" level="INFO">Typing text 'ttUvpoBL' into text field 'password'.</msg>
<status status="PASS" starttime="20210123 21:20:24.177" endtime="20210123 21:20:24.241"></status>
</kw>
<status status="PASS" starttime="20210123 21:20:24.075" endtime="20210123 21:20:24.242"></status>
</kw>
<kw name="${field} = firstname" type="foritem">
<kw name="Input Text" library="SeleniumLibrary">
<doc>Types the given ``text`` into the text field identified by ``locator``.</doc>
<arguments>
<arg>${field}</arg>
<arg>${username}</arg>
</arguments>
<msg timestamp="20210123 21:20:24.244" level="INFO">Typing text 'ttUvpoBL' into text field 'firstname'.</msg>
<status status="PASS" starttime="20210123 21:20:24.243" endtime="20210123 21:20:24.333"></status>
</kw>
<kw name="Input Text" library="SeleniumLibrary">
<doc>Types the given ``text`` into the text field identified by ``locator``.</doc>
<arguments>
<arg>${field}</arg>
<arg>${password}</arg>
</arguments>
<msg timestamp="20210123 21:20:24.334" level="INFO">Typing text 'ttUvpoBL' into text field 'firstname'.</msg>
<status status="PASS" starttime="20210123 21:20:24.333" endtime="20210123 21:20:24.399"></status>
</kw>
<status status="PASS" starttime="20210123 21:20:24.242" endtime="20210123 21:20:24.399"></status>
</kw>
<kw name="${field} = lastname" type="foritem">
<kw name="Input Text" library="SeleniumLibrary">
<doc>Types the given ``text`` into the text field identified by ``locator``.</doc>
<arguments>
<arg>${field}</arg>
<arg>${username}</arg>
</arguments>
<msg timestamp="20210123 21:20:24.399" level="INFO">Typing text 'ttUvpoBL' into text field 'lastname'.</msg>
<status status="PASS" starttime="20210123 21:20:24.399" endtime="20210123 21:20:24.483"></status>
</kw>
<kw name="Input Text" library="SeleniumLibrary">
<doc>Types the given ``text`` into the text field identified by ``locator``.</doc>
<arguments>
<arg>${field}</arg>
<arg>${password}</arg>
</arguments>
<msg timestamp="20210123 21:20:24.484" level="INFO">Typing text 'ttUvpoBL' into text field 'lastname'.</msg>
<status status="PASS" starttime="20210123 21:20:24.483" endtime="20210123 21:20:24.550"></status>
</kw>
<status status="PASS" starttime="20210123 21:20:24.399" endtime="20210123 21:20:24.550"></status>
</kw>
<kw name="${field} = phone" type="foritem">
<kw name="Input Text" library="SeleniumLibrary">
<doc>Types the given ``text`` into the text field identified by ``locator``.</doc>
<arguments>
<arg>${field}</arg>
<arg>${username}</arg>
</arguments>
<msg timestamp="20210123 21:20:24.551" level="INFO">Typing text 'ttUvpoBL' into text field 'phone'.</msg>
<status status="PASS" starttime="20210123 21:20:24.551" endtime="20210123 21:20:24.635"></status>
</kw>
<kw name="Input Text" library="SeleniumLibrary">
<doc>Types the given ``text`` into the text field identified by ``locator``.</doc>
<arguments>
<arg>${field}</arg>
<arg>${password}</arg>
</arguments>
<msg timestamp="20210123 21:20:24.636" level="INFO">Typing text 'ttUvpoBL' into text field 'phone'.</msg>
<status status="PASS" starttime="20210123 21:20:24.635" endtime="20210123 21:20:24.697"></status>
</kw>
<status status="PASS" starttime="20210123 21:20:24.550" endtime="20210123 21:20:24.698"></status>
</kw>
<status status="PASS" starttime="20210123 21:20:23.732" endtime="20210123 21:20:24.698"></status>
</kw>
<kw name="Submit Credentials" library="common">
<kw name="Click Button" library="SeleniumLibrary">
<doc>Clicks the button identified by ``locator``.</doc>
<arguments>
<arg>css:input[type='submit']</arg>
</arguments>
<msg timestamp="20210123 21:20:24.699" level="INFO">Clicking button 'css:input[type='submit']'.</msg>
<status status="PASS" starttime="20210123 21:20:24.699" endtime="20210123 21:20:25.154"></status>
</kw>
<status status="PASS" starttime="20210123 21:20:24.698" endtime="20210123 21:20:25.154"></status>
</kw>
<status status="PASS" starttime="20210123 21:20:17.978" endtime="20210123 21:20:25.155"></status>
</kw>
<msg timestamp="20210123 21:20:25.155" level="INFO">${valid user} = ttUvpoBL</msg>
<msg timestamp="20210123 21:20:25.155" level="INFO">${valid password} = ttUvpoBL</msg>
<status status="PASS" starttime="20210123 21:20:17.973" endtime="20210123 21:20:25.155"></status>
</kw>
<kw name="Create List" library="BuiltIn">
<doc>Returns a list containing given items.</doc>
<arguments>
<arg>{valid user}</arg>
<arg>${valid password}</arg>
</arguments>
<assign>
<var>${auth}</var>
</assign>
<msg timestamp="20210123 21:20:25.156" level="INFO">${auth} = ['{valid user}', 'ttUvpoBL']</msg>
<status status="PASS" starttime="20210123 21:20:25.156" endtime="20210123 21:20:25.156"></status>
</kw>
<kw name="Create Session" library="RequestsLibrary">
<doc>Create Session: create a HTTP session to a server</doc>
<arguments>
<arg>myssion</arg>
<arg>${url}</arg>
<arg>auth=${auth}</arg>
</arguments>
<msg timestamp="20210123 21:20:25.158" level="INFO">Creating Session using : alias=myssion, url=http://localhost:8080, headers={},                     cookies={}, auth=&lt;requests.auth.HTTPBasicAuth object at 0x000001BEA7EFB070&gt;, timeout=None, proxies=None, verify=False,                     debug=0 </msg>
<status status="PASS" starttime="20210123 21:20:25.157" endtime="20210123 21:20:25.159"></status>
</kw>
<kw name="Create Dictionary" library="BuiltIn">
<doc>Creates and returns a dictionary based on the given ``items``.</doc>
<arguments>
<arg>Accept=application/json, text/plain, */*</arg>
<arg>Content-Type=application/json</arg>
</arguments>
<assign>
<var>&amp;{headers}</var>
</assign>
<msg timestamp="20210123 21:20:25.161" level="INFO">&amp;{headers} = { Accept=application/json, text/plain, */* | Content-Type=application/json }</msg>
<status status="PASS" starttime="20210123 21:20:25.160" endtime="20210123 21:20:25.161"></status>
</kw>
<kw name="Get Request" library="RequestsLibrary">
<doc>*DEPRECATED* Please use `GET On Session` instead.</doc>
<arguments>
<arg>myssion</arg>
<arg>/api/users</arg>
<arg>headers=${headers}</arg>
</arguments>
<assign>
<var>${resp}</var>
</assign>
<msg timestamp="20210123 21:20:25.162" level="WARN">Keyword 'RequestsLibrary.Get Request' is deprecated. Please use `GET On Session` instead.</msg>
<msg timestamp="20210123 21:20:27.194" level="INFO">GET Request : url=http://localhost:8080/api/users 
 path_url=/api/users 
 headers={'User-Agent': 'python-requests/2.25.1', 'Accept-Encoding': 'gzip, deflate', 'Accept': 'application/json, text/plain, */*', 'Connection': 'keep-alive', 'Content-Type': 'application/json', 'Authorization': 'Basic e3ZhbGlkIHVzZXJ9OnR0VXZwb0JM'} 
 body=None 
 </msg>
<msg timestamp="20210123 21:20:27.194" level="INFO">GET Response : url=http://localhost:8080/api/users 
 status=200, reason=OK 
 headers={'Content-Type': 'application/json', 'Content-Length': '180', 'Server': 'Werkzeug/0.14.1 Python/3.8.6', 'Date': 'Sat, 23 Jan 2021 19:20:27 GMT'} 
 body={"payload":["19CWQMMm","7roAi5wj","VO02tlwr","VpFuh2GY","Vt9k12Wv","cXr7QYMA","j0RU0qMQ","juG9anvM","oJeaz7bu","other","test","tfFeCMaa","ttUvpoBL","z46mQP6K"],"status":"SUCCESS"}
 
 </msg>
<msg timestamp="20210123 21:20:27.194" level="INFO">${resp} = &lt;Response [200]&gt;</msg>
<status status="PASS" starttime="20210123 21:20:25.162" endtime="20210123 21:20:27.194"></status>
</kw>
<kw name="Should Be Equal As Strings" library="BuiltIn">
<doc>Fails if objects are unequal after converting them to strings.</doc>
<arguments>
<arg>${resp.status_code}</arg>
<arg>200</arg>
</arguments>
<msg timestamp="20210123 21:20:27.195" level="INFO">Argument types are:
&lt;class 'int'&gt;
&lt;type 'unicode'&gt;</msg>
<status status="PASS" starttime="20210123 21:20:27.195" endtime="20210123 21:20:27.195"></status>
</kw>
<kw name="Close All Browsers" library="SeleniumLibrary" type="teardown">
<doc>Closes all open browsers and resets the browser cache.</doc>
<status status="PASS" starttime="20210123 21:20:27.196" endtime="20210123 21:20:29.387"></status>
</kw>
<status status="PASS" starttime="20210123 21:20:17.971" endtime="20210123 21:20:29.388" critical="yes"></status>
</test>
<status status="PASS" starttime="20210123 21:19:52.253" endtime="20210123 21:20:29.393"></status>
</suite>
<statistics>
<total>
<stat pass="3" fail="0">Critical Tests</stat>
<stat pass="3" fail="0">All Tests</stat>
</total>
<tag>
</tag>
<suite>
<stat pass="3" fail="0" id="s1" name="Auth Tests">Auth Tests</stat>
</suite>
</statistics>
<errors>
<msg timestamp="20210123 21:19:58.564" level="WARN">Error in file 'C:\Users\jalan\PycharmProjects\localrobotframework\testsuite\common.robot' in FOR loop starting on line 70: For loop header ':FOR' is deprecated. Use 'FOR' instead.</msg>
<msg timestamp="20210123 21:19:58.567" level="WARN">Error in file 'C:\Users\jalan\PycharmProjects\localrobotframework\testsuite\common.robot' in FOR loop starting on line 70: Marking for loop body with '\' is deprecated. Remove markers and use 'END' instead.</msg>
<msg timestamp="20210123 21:20:00.074" level="WARN">Keyword 'RequestsLibrary.Get Request' is deprecated. Please use `GET On Session` instead.</msg>
<msg timestamp="20210123 21:20:02.192" level="WARN">Accessing variable items using '&amp;{data}[status]' syntax is deprecated. Use '${data}[status]' instead.</msg>
<msg timestamp="20210123 21:20:10.216" level="WARN">Error in file 'C:\Users\jalan\PycharmProjects\localrobotframework\testsuite\common.robot' in FOR loop starting on line 70: For loop header ':FOR' is deprecated. Use 'FOR' instead.</msg>
<msg timestamp="20210123 21:20:10.218" level="WARN">Error in file 'C:\Users\jalan\PycharmProjects\localrobotframework\testsuite\common.robot' in FOR loop starting on line 70: Marking for loop body with '\' is deprecated. Remove markers and use 'END' instead.</msg>
<msg timestamp="20210123 21:20:11.635" level="WARN">Keyword 'RequestsLibrary.Get Request' is deprecated. Please use `GET On Session` instead.</msg>
<msg timestamp="20210123 21:20:13.700" level="WARN">Accessing variable items using '&amp;{data}[status]' syntax is deprecated. Use '${data}[status]' instead.</msg>
<msg timestamp="20210123 21:20:13.704" level="WARN">Keyword 'RequestsLibrary.Put Request' is deprecated. Please use `PUT On Session` instead.</msg>
<msg timestamp="20210123 21:20:23.732" level="WARN">Error in file 'C:\Users\jalan\PycharmProjects\localrobotframework\testsuite\common.robot' in FOR loop starting on line 70: For loop header ':FOR' is deprecated. Use 'FOR' instead.</msg>
<msg timestamp="20210123 21:20:23.736" level="WARN">Error in file 'C:\Users\jalan\PycharmProjects\localrobotframework\testsuite\common.robot' in FOR loop starting on line 70: Marking for loop body with '\' is deprecated. Remove markers and use 'END' instead.</msg>
<msg timestamp="20210123 21:20:25.162" level="WARN">Keyword 'RequestsLibrary.Get Request' is deprecated. Please use `GET On Session` instead.</msg>
</errors>
</robot>
